"C:\Program Files\JetBrains\CLion 2017.3.1\bin\cmake\bin\cmake.exe" -DCMAKE_BUILD_TYPE=Debug -G "CodeBlocks - MinGW Makefiles" "C:\Users\Blue\CLionProjects\HDU 1237  简单计算器"
-- The C compiler identification is GNU 4.9.2
-- Check for working C compiler: C:/Program Files (x86)/Dev-Cpp/MinGW64/bin/gcc.exe
-- Check for working C compiler: C:/Program Files (x86)/Dev-Cpp/MinGW64/bin/gcc.exe -- broken
CMake Error at C:/Program Files/JetBrains/CLion 2017.3.1/bin/cmake/share/cmake-3.9/Modules/CMakeTestCCompiler.cmake:51 (message):
  The C compiler "C:/Program Files (x86)/Dev-Cpp/MinGW64/bin/gcc.exe" is not
  able to compile a simple test program.

  It fails with the following output:

   Change Dir: C:/Users/Blue/CLionProjects/HDU 1237  绠�鍗曡绠楀櫒/cmake-build-debug/CMakeFiles/CMakeTmp

  

  Run Build Command:"C:/PROGRA~2/Dev-Cpp/MinGW64/bin/mingw32-make.exe"
  "cmTC_b94dd/fast"

  C:/PROGRA~2/Dev-Cpp/MinGW64/bin/mingw32-make.exe -f
  CMakeFiles\cmTC_b94dd.dir\build.make CMakeFiles/cmTC_b94dd.dir/build

  mingw32-make.exe[1]: Entering directory 'C:/Users/Blue/CLionProjects/HDU
  1237 绠�鍗曡绠楀櫒/cmake-build-debug/CMakeFiles/CMakeTmp'

  Building C object CMakeFiles/cmTC_b94dd.dir/testCCompiler.c.obj

  C:\PROGRA~2\Dev-Cpp\MinGW64\bin\gcc.exe -o
  CMakeFiles\cmTC_b94dd.dir\testCCompiler.c.obj -c
  "C:\Users\Blue\CLionProjects\HDU 1237
  缁犫偓閸楁洝顓哥粻妤�娅抃cmake-build-debug\CMakeFiles\CMakeTmp\testCCompiler.c"


  gcc.exe: error: C:\Users\Blue\CLionProjects\HDU 1237
  缁犫偓閸楁洝顓哥粻妤�娅抃cmake-build-debug\CMakeFiles\CMakeTmp\testCCompiler.c:
  No such file or directory

  gcc.exe: fatal error: no input files

  compilation terminated.

  CMakeFiles\cmTC_b94dd.dir\build.make:64: recipe for target
  'CMakeFiles/cmTC_b94dd.dir/testCCompiler.c.obj' failed

  mingw32-make.exe[1]: *** [CMakeFiles/cmTC_b94dd.dir/testCCompiler.c.obj]
  Error 1

  mingw32-make.exe[1]: Leaving directory 'C:/Users/Blue/CLionProjects/HDU
  1237 绠�鍗曡绠楀櫒/cmake-build-debug/CMakeFiles/CMakeTmp'

  Makefile:125: recipe for target 'cmTC_b94dd/fast' failed

  mingw32-make.exe: *** [cmTC_b94dd/fast] Error 2

  

  

  CMake will not be able to correctly generate this project.
Call Stack (most recent call first):
  CMakeLists.txt:2 (project)


-- Configuring incomplete, errors occurred!
See also "C:/Users/Blue/CLionProjects/HDU 1237  绠�鍗曡绠楀櫒/cmake-build-debug/CMakeFiles/CMakeOutput.log".
See also "C:/Users/Blue/CLionProjects/HDU 1237  绠�鍗曡绠楀櫒/cmake-build-debug/CMakeFiles/CMakeError.log".
